<?xml version="1.0" encoding="UTF-8"?>
<testsuite name="com.junyoung.book.springboot.web.HelloControllerTest" tests="2" skipped="0" failures="0" errors="0" timestamp="2021-01-13T05:57:44" hostname="LAPTOP-GCKGULD7" time="0.293">
  <properties/>
  <testcase name="hello가_리턴된다" classname="com.junyoung.book.springboot.web.HelloControllerTest" time="0.133"/>
  <testcase name="helloDto가_리턴된다" classname="com.junyoung.book.springboot.web.HelloControllerTest" time="0.151"/>
  <system-out><![CDATA[2021-01-13 14:57:42.147  INFO 13228 --- [    Test worker] .b.t.a.w.s.WebMvcTestContextBootstrapper : Neither @ContextConfiguration nor @ContextHierarchy found for test class [com.junyoung.book.springboot.web.HelloControllerTest], using SpringBootContextLoader
2021-01-13 14:57:42.154  INFO 13228 --- [    Test worker] o.s.t.c.support.AbstractContextLoader    : Could not detect default resource locations for test class [com.junyoung.book.springboot.web.HelloControllerTest]: no resource found for suffixes {-context.xml, Context.groovy}.
2021-01-13 14:57:42.154  INFO 13228 --- [    Test worker] t.c.s.AnnotationConfigContextLoaderUtils : Could not detect default configuration classes for test class [com.junyoung.book.springboot.web.HelloControllerTest]: HelloControllerTest does not declare any static, non-private, non-final, nested classes annotated with @Configuration.
2021-01-13 14:57:42.213  INFO 13228 --- [    Test worker] .b.t.c.SpringBootTestContextBootstrapper : Found @SpringBootConfiguration com.junyoung.book.springboot.Application for test class com.junyoung.book.springboot.web.HelloControllerTest
2021-01-13 14:57:42.217  INFO 13228 --- [    Test worker] .b.t.a.w.s.WebMvcTestContextBootstrapper : Loaded default TestExecutionListener class names from location [META-INF/spring.factories]: [org.springframework.security.test.context.support.WithSecurityContextTestExecutionListener, org.springframework.security.test.context.support.ReactorContextTestExecutionListener, org.springframework.boot.test.autoconfigure.restdocs.RestDocsTestExecutionListener, org.springframework.boot.test.autoconfigure.web.client.MockRestServiceServerResetTestExecutionListener, org.springframework.boot.test.autoconfigure.web.servlet.MockMvcPrintOnlyOnFailureTestExecutionListener, org.springframework.boot.test.autoconfigure.web.servlet.WebDriverTestExecutionListener, org.springframework.boot.test.mock.mockito.MockitoTestExecutionListener, org.springframework.boot.test.mock.mockito.ResetMocksTestExecutionListener, org.springframework.test.context.web.ServletTestExecutionListener, org.springframework.test.context.support.DirtiesContextBeforeModesTestExecutionListener, org.springframework.test.context.support.DependencyInjectionTestExecutionListener, org.springframework.test.context.support.DirtiesContextTestExecutionListener, org.springframework.test.context.transaction.TransactionalTestExecutionListener, org.springframework.test.context.jdbc.SqlScriptsTestExecutionListener]
2021-01-13 14:57:42.225  INFO 13228 --- [    Test worker] .b.t.a.w.s.WebMvcTestContextBootstrapper : Using TestExecutionListeners: [org.springframework.test.context.web.ServletTestExecutionListener@1b93e70d, org.springframework.test.context.support.DirtiesContextBeforeModesTestExecutionListener@2e9df568, org.springframework.boot.test.mock.mockito.MockitoTestExecutionListener@3e60ba54, org.springframework.boot.test.autoconfigure.SpringBootDependencyInjectionTestExecutionListener@495893d9, org.springframework.test.context.support.DirtiesContextTestExecutionListener@4df7ae70, org.springframework.test.context.transaction.TransactionalTestExecutionListener@c003413, org.springframework.test.context.jdbc.SqlScriptsTestExecutionListener@37899ddd, org.springframework.security.test.context.support.WithSecurityContextTestExecutionListener@3a4206ae, org.springframework.security.test.context.support.ReactorContextTestExecutionListener@4ab6abb8, org.springframework.boot.test.autoconfigure.restdocs.RestDocsTestExecutionListener@471bae51, org.springframework.boot.test.autoconfigure.web.client.MockRestServiceServerResetTestExecutionListener@3c07b41a, org.springframework.boot.test.autoconfigure.web.servlet.MockMvcPrintOnlyOnFailureTestExecutionListener@165ab242, org.springframework.boot.test.autoconfigure.web.servlet.WebDriverTestExecutionListener@694e305a, org.springframework.boot.test.mock.mockito.ResetMocksTestExecutionListener@73bd6204]

  .   ____          _            __ _ _
 /\\ / ___'_ __ _ _(_)_ __  __ _ \ \ \ \
( ( )\___ | '_ | '_| | '_ \/ _` | \ \ \ \
 \\/  ___)| |_)| | | | | || (_| |  ) ) ) )
  '  |____| .__|_| |_|_| |_\__, | / / / /
 =========|_|==============|___/=/_/_/_/
 :: Spring Boot ::        (v2.1.7.RELEASE)

2021-01-13 14:57:42.445  INFO 13228 --- [    Test worker] c.j.b.s.web.HelloControllerTest          : Starting HelloControllerTest on LAPTOP-GCKGULD7 with PID 13228 (started by cjy17 in C:\Users\cjy17\IdeaProjects\java-sprigboot-webservice)
2021-01-13 14:57:42.449  INFO 13228 --- [    Test worker] c.j.b.s.web.HelloControllerTest          : The following profiles are active: oauth
2021-01-13 14:57:43.373  INFO 13228 --- [    Test worker] o.s.s.concurrent.ThreadPoolTaskExecutor  : Initializing ExecutorService 'applicationTaskExecutor'
2021-01-13 14:57:43.440  INFO 13228 --- [    Test worker] o.s.b.a.w.s.WelcomePageHandlerMapping    : Adding welcome page template: index
2021-01-13 14:57:43.848  INFO 13228 --- [    Test worker] .s.s.UserDetailsServiceAutoConfiguration : 

Using generated security password: ecb78d1c-d8b7-4be9-b9b1-935b11f758d1

2021-01-13 14:57:44.157  INFO 13228 --- [    Test worker] o.s.s.web.DefaultSecurityFilterChain     : Creating filter chain: any request, [org.springframework.security.web.context.request.async.WebAsyncManagerIntegrationFilter@7b07f6d7, org.springframework.security.web.context.SecurityContextPersistenceFilter@ecf4b0e, org.springframework.security.web.header.HeaderWriterFilter@3a427306, org.springframework.security.web.csrf.CsrfFilter@32d1cb40, org.springframework.security.web.authentication.logout.LogoutFilter@7b8bff98, org.springframework.security.web.authentication.UsernamePasswordAuthenticationFilter@4812dd91, org.springframework.security.web.authentication.ui.DefaultLoginPageGeneratingFilter@3a075b14, org.springframework.security.web.authentication.ui.DefaultLogoutPageGeneratingFilter@24191168, org.springframework.security.web.authentication.www.BasicAuthenticationFilter@583e2854, org.springframework.security.web.savedrequest.RequestCacheAwareFilter@3c8808b6, org.springframework.security.web.servletapi.SecurityContextHolderAwareRequestFilter@15fb8662, org.springframework.security.web.authentication.AnonymousAuthenticationFilter@d4ce137, org.springframework.security.web.session.SessionManagementFilter@6f524c5, org.springframework.security.web.access.ExceptionTranslationFilter@4acf1746, org.springframework.security.web.access.intercept.FilterSecurityInterceptor@7551d234]
2021-01-13 14:57:44.229  INFO 13228 --- [    Test worker] o.s.b.t.m.w.SpringBootMockServletContext : Initializing Spring TestDispatcherServlet ''
2021-01-13 14:57:44.229  INFO 13228 --- [    Test worker] o.s.t.web.servlet.TestDispatcherServlet  : Initializing Servlet ''
2021-01-13 14:57:44.263  INFO 13228 --- [    Test worker] o.s.t.web.servlet.TestDispatcherServlet  : Completed initialization in 32 ms
2021-01-13 14:57:44.330  INFO 13228 --- [    Test worker] c.j.b.s.web.HelloControllerTest          : Started HelloControllerTest in 2.055 seconds (JVM running for 16.337)
]]></system-out>
  <system-err><![CDATA[]]></system-err>
</testsuite>
