<?xml version="1.0" encoding="UTF-8"?>
<testsuite name="com.junyoung.book.springboot.web.HelloControllerTest" tests="2" skipped="0" failures="0" errors="0" timestamp="2021-01-13T07:18:37" hostname="LAPTOP-GCKGULD7" time="0.308">
  <properties/>
  <testcase name="hello가_리턴된다" classname="com.junyoung.book.springboot.web.HelloControllerTest" time="0.154"/>
  <testcase name="helloDto가_리턴된다" classname="com.junyoung.book.springboot.web.HelloControllerTest" time="0.153"/>
  <system-out><![CDATA[2021-01-13 16:18:35.638  INFO 19152 --- [    Test worker] .b.t.a.w.s.WebMvcTestContextBootstrapper : Neither @ContextConfiguration nor @ContextHierarchy found for test class [com.junyoung.book.springboot.web.HelloControllerTest], using SpringBootContextLoader
2021-01-13 16:18:35.641  INFO 19152 --- [    Test worker] o.s.t.c.support.AbstractContextLoader    : Could not detect default resource locations for test class [com.junyoung.book.springboot.web.HelloControllerTest]: no resource found for suffixes {-context.xml, Context.groovy}.
2021-01-13 16:18:35.641  INFO 19152 --- [    Test worker] t.c.s.AnnotationConfigContextLoaderUtils : Could not detect default configuration classes for test class [com.junyoung.book.springboot.web.HelloControllerTest]: HelloControllerTest does not declare any static, non-private, non-final, nested classes annotated with @Configuration.
2021-01-13 16:18:35.679  INFO 19152 --- [    Test worker] .b.t.c.SpringBootTestContextBootstrapper : Found @SpringBootConfiguration com.junyoung.book.springboot.Application for test class com.junyoung.book.springboot.web.HelloControllerTest
2021-01-13 16:18:35.680  INFO 19152 --- [    Test worker] .b.t.a.w.s.WebMvcTestContextBootstrapper : Loaded default TestExecutionListener class names from location [META-INF/spring.factories]: [org.springframework.security.test.context.support.WithSecurityContextTestExecutionListener, org.springframework.security.test.context.support.ReactorContextTestExecutionListener, org.springframework.boot.test.autoconfigure.restdocs.RestDocsTestExecutionListener, org.springframework.boot.test.autoconfigure.web.client.MockRestServiceServerResetTestExecutionListener, org.springframework.boot.test.autoconfigure.web.servlet.MockMvcPrintOnlyOnFailureTestExecutionListener, org.springframework.boot.test.autoconfigure.web.servlet.WebDriverTestExecutionListener, org.springframework.boot.test.mock.mockito.MockitoTestExecutionListener, org.springframework.boot.test.mock.mockito.ResetMocksTestExecutionListener, org.springframework.test.context.web.ServletTestExecutionListener, org.springframework.test.context.support.DirtiesContextBeforeModesTestExecutionListener, org.springframework.test.context.support.DependencyInjectionTestExecutionListener, org.springframework.test.context.support.DirtiesContextTestExecutionListener, org.springframework.test.context.transaction.TransactionalTestExecutionListener, org.springframework.test.context.jdbc.SqlScriptsTestExecutionListener]
2021-01-13 16:18:35.682  INFO 19152 --- [    Test worker] .b.t.a.w.s.WebMvcTestContextBootstrapper : Using TestExecutionListeners: [org.springframework.test.context.web.ServletTestExecutionListener@6db77971, org.springframework.test.context.support.DirtiesContextBeforeModesTestExecutionListener@9a56263, org.springframework.boot.test.mock.mockito.MockitoTestExecutionListener@4d51efc3, org.springframework.boot.test.autoconfigure.SpringBootDependencyInjectionTestExecutionListener@36e59b43, org.springframework.test.context.support.DirtiesContextTestExecutionListener@60cf101f, org.springframework.test.context.transaction.TransactionalTestExecutionListener@425bd01f, org.springframework.test.context.jdbc.SqlScriptsTestExecutionListener@b60060, org.springframework.security.test.context.support.WithSecurityContextTestExecutionListener@1a93acb6, org.springframework.security.test.context.support.ReactorContextTestExecutionListener@2c41813, org.springframework.boot.test.autoconfigure.restdocs.RestDocsTestExecutionListener@1e83fb7c, org.springframework.boot.test.autoconfigure.web.client.MockRestServiceServerResetTestExecutionListener@2e064dcc, org.springframework.boot.test.autoconfigure.web.servlet.MockMvcPrintOnlyOnFailureTestExecutionListener@29f7a2a6, org.springframework.boot.test.autoconfigure.web.servlet.WebDriverTestExecutionListener@b51230b, org.springframework.boot.test.mock.mockito.ResetMocksTestExecutionListener@a087106]

  .   ____          _            __ _ _
 /\\ / ___'_ __ _ _(_)_ __  __ _ \ \ \ \
( ( )\___ | '_ | '_| | '_ \/ _` | \ \ \ \
 \\/  ___)| |_)| | | | | || (_| |  ) ) ) )
  '  |____| .__|_| |_|_| |_\__, | / / / /
 =========|_|==============|___/=/_/_/_/
 :: Spring Boot ::        (v2.1.7.RELEASE)

2021-01-13 16:18:35.851  INFO 19152 --- [    Test worker] c.j.b.s.web.HelloControllerTest          : Starting HelloControllerTest on LAPTOP-GCKGULD7 with PID 19152 (started by cjy17 in C:\Users\cjy17\IdeaProjects\java-sprigboot-webservice)
2021-01-13 16:18:35.851  INFO 19152 --- [    Test worker] c.j.b.s.web.HelloControllerTest          : The following profiles are active: oauth
2021-01-13 16:18:36.813  INFO 19152 --- [    Test worker] o.s.s.concurrent.ThreadPoolTaskExecutor  : Initializing ExecutorService 'applicationTaskExecutor'
2021-01-13 16:18:36.893  INFO 19152 --- [    Test worker] o.s.b.a.w.s.WelcomePageHandlerMapping    : Adding welcome page template: index
2021-01-13 16:18:37.305  INFO 19152 --- [    Test worker] .s.s.UserDetailsServiceAutoConfiguration : 

Using generated security password: ba166c46-92f7-4e12-a474-184272d44e80

2021-01-13 16:18:37.645  INFO 19152 --- [    Test worker] o.s.s.web.DefaultSecurityFilterChain     : Creating filter chain: any request, [org.springframework.security.web.context.request.async.WebAsyncManagerIntegrationFilter@79a76ee9, org.springframework.security.web.context.SecurityContextPersistenceFilter@4d4cfb8f, org.springframework.security.web.header.HeaderWriterFilter@9cbc5da, org.springframework.security.web.csrf.CsrfFilter@70e193ef, org.springframework.security.web.authentication.logout.LogoutFilter@7c11b289, org.springframework.security.web.authentication.UsernamePasswordAuthenticationFilter@4c1919c2, org.springframework.security.web.authentication.ui.DefaultLoginPageGeneratingFilter@5252c439, org.springframework.security.web.authentication.ui.DefaultLogoutPageGeneratingFilter@d6e7d63, org.springframework.security.web.authentication.www.BasicAuthenticationFilter@2d6ed05f, org.springframework.security.web.savedrequest.RequestCacheAwareFilter@3a19918e, org.springframework.security.web.servletapi.SecurityContextHolderAwareRequestFilter@6d2b6602, org.springframework.security.web.authentication.AnonymousAuthenticationFilter@5659a8b9, org.springframework.security.web.session.SessionManagementFilter@75c941e7, org.springframework.security.web.access.ExceptionTranslationFilter@3f691979, org.springframework.security.web.access.intercept.FilterSecurityInterceptor@6e4d61c9]
2021-01-13 16:18:37.738  INFO 19152 --- [    Test worker] o.s.b.t.m.w.SpringBootMockServletContext : Initializing Spring TestDispatcherServlet ''
2021-01-13 16:18:37.738  INFO 19152 --- [    Test worker] o.s.t.web.servlet.TestDispatcherServlet  : Initializing Servlet ''
2021-01-13 16:18:37.782  INFO 19152 --- [    Test worker] o.s.t.web.servlet.TestDispatcherServlet  : Completed initialization in 44 ms
2021-01-13 16:18:37.853  INFO 19152 --- [    Test worker] c.j.b.s.web.HelloControllerTest          : Started HelloControllerTest in 2.167 seconds (JVM running for 17.436)
]]></system-out>
  <system-err><![CDATA[]]></system-err>
</testsuite>
