<?xml version="1.0" encoding="UTF-8"?>
<testsuite name="com.junyoung.book.springboot.web.ProfileControllerUnitTest" tests="3" skipped="0" failures="0" errors="0" timestamp="2021-01-17T13:53:42" hostname="LAPTOP-GCKGULD7" time="0.286">
  <properties/>
  <testcase name="active_profile이_없으면_default가_조회된다" classname="com.junyoung.book.springboot.web.ProfileControllerUnitTest" time="0.269"/>
  <testcase name="real_profile이_없으면_첫번째가_조회된다" classname="com.junyoung.book.springboot.web.ProfileControllerUnitTest" time="0.01"/>
  <testcase name="real_profile이_조회된다" classname="com.junyoung.book.springboot.web.ProfileControllerUnitTest" time="0.005"/>
  <system-out><![CDATA[22:53:42.911 [Test worker] DEBUG org.springframework.mock.env.MockEnvironment - Activating profile 'oauth'
22:53:42.918 [Test worker] DEBUG org.springframework.mock.env.MockEnvironment - Activating profile 'real-db'
22:53:42.921 [Test worker] DEBUG org.springframework.mock.env.MockEnvironment - Activating profile 'real'
22:53:42.923 [Test worker] DEBUG org.springframework.mock.env.MockEnvironment - Activating profile 'oauth'
22:53:42.924 [Test worker] DEBUG org.springframework.mock.env.MockEnvironment - Activating profile 'real-db'
]]></system-out>
  <system-err><![CDATA[]]></system-err>
</testsuite>
