<?xml version="1.0" encoding="UTF-8"?>
<testsuite name="com.junyoung.book.springboot.web.PostsApiControllerTest" tests="2" skipped="0" failures="0" errors="0" timestamp="2021-01-13T05:57:49" hostname="LAPTOP-GCKGULD7" time="0.244">
  <properties/>
  <testcase name="Posts_등록된다" classname="com.junyoung.book.springboot.web.PostsApiControllerTest" time="0.153"/>
  <testcase name="Posts_수정된다" classname="com.junyoung.book.springboot.web.PostsApiControllerTest" time="0.09"/>
  <system-out><![CDATA[2021-01-13 14:57:49.255  INFO 13228 --- [    Test worker] .b.t.c.SpringBootTestContextBootstrapper : Neither @ContextConfiguration nor @ContextHierarchy found for test class [com.junyoung.book.springboot.web.PostsApiControllerTest], using SpringBootContextLoader
2021-01-13 14:57:49.257  INFO 13228 --- [    Test worker] o.s.t.c.support.AbstractContextLoader    : Could not detect default resource locations for test class [com.junyoung.book.springboot.web.PostsApiControllerTest]: no resource found for suffixes {-context.xml, Context.groovy}.
2021-01-13 14:57:49.257  INFO 13228 --- [    Test worker] t.c.s.AnnotationConfigContextLoaderUtils : Could not detect default configuration classes for test class [com.junyoung.book.springboot.web.PostsApiControllerTest]: PostsApiControllerTest does not declare any static, non-private, non-final, nested classes annotated with @Configuration.
2021-01-13 14:57:49.260  INFO 13228 --- [    Test worker] .b.t.c.SpringBootTestContextBootstrapper : Found @SpringBootConfiguration com.junyoung.book.springboot.Application for test class com.junyoung.book.springboot.web.PostsApiControllerTest
2021-01-13 14:57:49.263  INFO 13228 --- [    Test worker] .b.t.c.SpringBootTestContextBootstrapper : Loaded default TestExecutionListener class names from location [META-INF/spring.factories]: [org.springframework.security.test.context.support.WithSecurityContextTestExecutionListener, org.springframework.security.test.context.support.ReactorContextTestExecutionListener, org.springframework.boot.test.autoconfigure.restdocs.RestDocsTestExecutionListener, org.springframework.boot.test.autoconfigure.web.client.MockRestServiceServerResetTestExecutionListener, org.springframework.boot.test.autoconfigure.web.servlet.MockMvcPrintOnlyOnFailureTestExecutionListener, org.springframework.boot.test.autoconfigure.web.servlet.WebDriverTestExecutionListener, org.springframework.boot.test.mock.mockito.MockitoTestExecutionListener, org.springframework.boot.test.mock.mockito.ResetMocksTestExecutionListener, org.springframework.test.context.web.ServletTestExecutionListener, org.springframework.test.context.support.DirtiesContextBeforeModesTestExecutionListener, org.springframework.test.context.support.DependencyInjectionTestExecutionListener, org.springframework.test.context.support.DirtiesContextTestExecutionListener, org.springframework.test.context.transaction.TransactionalTestExecutionListener, org.springframework.test.context.jdbc.SqlScriptsTestExecutionListener]
2021-01-13 14:57:49.264  INFO 13228 --- [    Test worker] .b.t.c.SpringBootTestContextBootstrapper : Using TestExecutionListeners: [org.springframework.test.context.web.ServletTestExecutionListener@6c567839, org.springframework.test.context.support.DirtiesContextBeforeModesTestExecutionListener@11fba9fa, org.springframework.boot.test.mock.mockito.MockitoTestExecutionListener@4fce5b7, org.springframework.boot.test.autoconfigure.SpringBootDependencyInjectionTestExecutionListener@507724a7, org.springframework.test.context.support.DirtiesContextTestExecutionListener@fbf1920, org.springframework.test.context.transaction.TransactionalTestExecutionListener@43c7c554, org.springframework.test.context.jdbc.SqlScriptsTestExecutionListener@207541c6, org.springframework.security.test.context.support.WithSecurityContextTestExecutionListener@494e0b73, org.springframework.security.test.context.support.ReactorContextTestExecutionListener@3e4f6d63, org.springframework.boot.test.autoconfigure.restdocs.RestDocsTestExecutionListener@43dfe29b, org.springframework.boot.test.autoconfigure.web.client.MockRestServiceServerResetTestExecutionListener@492ee057, org.springframework.boot.test.autoconfigure.web.servlet.MockMvcPrintOnlyOnFailureTestExecutionListener@70027f92, org.springframework.boot.test.autoconfigure.web.servlet.WebDriverTestExecutionListener@35633084, org.springframework.boot.test.mock.mockito.ResetMocksTestExecutionListener@914d789]
2021-01-13 14:57:49.284  INFO 13228 --- [    Test worker] o.a.c.c.C.[Tomcat].[localhost].[/]       : Initializing Spring TestDispatcherServlet ''
2021-01-13 14:57:49.284  INFO 13228 --- [    Test worker] o.s.t.web.servlet.TestDispatcherServlet  : Initializing Servlet ''
2021-01-13 14:57:49.288  INFO 13228 --- [    Test worker] o.s.t.web.servlet.TestDispatcherServlet  : Completed initialization in 4 ms
Hibernate: insert into posts (created_date, modified_date, author, content, title) values (?, ?, ?, ?, ?)
Hibernate: select posts0_.id as id1_0_, posts0_.created_date as created_2_0_, posts0_.modified_date as modified3_0_, posts0_.author as author4_0_, posts0_.content as content5_0_, posts0_.title as title6_0_ from posts posts0_
Hibernate: select posts0_.id as id1_0_, posts0_.created_date as created_2_0_, posts0_.modified_date as modified3_0_, posts0_.author as author4_0_, posts0_.content as content5_0_, posts0_.title as title6_0_ from posts posts0_
Hibernate: delete from posts where id=?
2021-01-13 14:57:49.429  INFO 13228 --- [    Test worker] o.a.c.c.C.[Tomcat].[localhost].[/]       : Initializing Spring TestDispatcherServlet ''
2021-01-13 14:57:49.429  INFO 13228 --- [    Test worker] o.s.t.web.servlet.TestDispatcherServlet  : Initializing Servlet ''
2021-01-13 14:57:49.433  INFO 13228 --- [    Test worker] o.s.t.web.servlet.TestDispatcherServlet  : Completed initialization in 4 ms
Hibernate: insert into posts (created_date, modified_date, author, content, title) values (?, ?, ?, ?, ?)
Hibernate: select posts0_.id as id1_0_0_, posts0_.created_date as created_2_0_0_, posts0_.modified_date as modified3_0_0_, posts0_.author as author4_0_0_, posts0_.content as content5_0_0_, posts0_.title as title6_0_0_ from posts posts0_ where posts0_.id=?
Hibernate: update posts set created_date=?, modified_date=?, author=?, content=?, title=? where id=?
Hibernate: select posts0_.id as id1_0_, posts0_.created_date as created_2_0_, posts0_.modified_date as modified3_0_, posts0_.author as author4_0_, posts0_.content as content5_0_, posts0_.title as title6_0_ from posts posts0_
Hibernate: select posts0_.id as id1_0_, posts0_.created_date as created_2_0_, posts0_.modified_date as modified3_0_, posts0_.author as author4_0_, posts0_.content as content5_0_, posts0_.title as title6_0_ from posts posts0_
Hibernate: delete from posts where id=?
]]></system-out>
  <system-err><![CDATA[]]></system-err>
</testsuite>
